<?xml version="1.0" encoding="UTF-8"?>
<testng-results ignored="0" total="1" passed="0" failed="1" skipped="0">
  <reporter-output>
  </reporter-output>
  <suite started-at="2021-12-22T10:31:04 IST" name="Default suite" finished-at="2021-12-22T10:31:27 IST" duration-ms="22401">
    <groups>
    </groups>
    <test started-at="2021-12-22T10:31:04 IST" name="Default test" finished-at="2021-12-22T10:31:27 IST" duration-ms="22401">
      <class name="com.login.TC001_CreateQuoteTest">
        <test-method is-config="true" signature="setUp()[pri:0, instance:com.login.TC001_CreateQuoteTest@5a56cdac]" started-at="2021-12-22T10:31:04 IST" name="setUp" finished-at="2021-12-22T10:31:04 IST" duration-ms="17" status="PASS">
          <reporter-output>
          </reporter-output>
        </test-method> <!-- setUp -->
        <test-method is-config="true" signature="BrowserLunchandGetUrl()[pri:0, instance:com.login.TC001_CreateQuoteTest@5a56cdac]" started-at="2021-12-22T10:31:04 IST" name="BrowserLunchandGetUrl" finished-at="2021-12-22T10:31:11 IST" duration-ms="7097" status="PASS">
          <reporter-output>
          </reporter-output>
        </test-method> <!-- BrowserLunchandGetUrl -->
        <test-method is-config="true" signature="LoginintoApp()[pri:0, instance:com.login.TC001_CreateQuoteTest@5a56cdac]" started-at="2021-12-22T10:31:12 IST" name="LoginintoApp" finished-at="2021-12-22T10:31:16 IST" duration-ms="4408" status="PASS">
          <reporter-output>
          </reporter-output>
        </test-method> <!-- LoginintoApp -->
        <test-method signature="creatQuote()[pri:0, instance:com.login.TC001_CreateQuoteTest@5a56cdac]" started-at="2021-12-22T10:31:16 IST" name="creatQuote" finished-at="2021-12-22T10:31:22 IST" duration-ms="6381" status="FAIL">
          <exception class="java.lang.NullPointerException">
            <full-stacktrace>
              <![CDATA[java.lang.NullPointerException
at com.vitger.POMclasses.QuotepageInfo.ceatequoteimg(QuotepageInfo.java:22)
at com.login.TC001_CreateQuoteTest.creatQuote(TC001_CreateQuoteTest.java:15)
at java.base/jdk.internal.reflect.NativeMethodAccessorImpl.invoke0(Native Method)
at java.base/jdk.internal.reflect.NativeMethodAccessorImpl.invoke(NativeMethodAccessorImpl.java:62)
at java.base/jdk.internal.reflect.DelegatingMethodAccessorImpl.invoke(DelegatingMethodAccessorImpl.java:43)
at java.base/java.lang.reflect.Method.invoke(Method.java:566)
at org.testng.internal.MethodInvocationHelper.invokeMethod(MethodInvocationHelper.java:133)
at org.testng.internal.TestInvoker.invokeMethod(TestInvoker.java:598)
at org.testng.internal.TestInvoker.invokeTestMethod(TestInvoker.java:173)
at org.testng.internal.MethodRunner.runInSequence(MethodRunner.java:46)
at org.testng.internal.TestInvoker$MethodInvocationAgent.invoke(TestInvoker.java:824)
at org.testng.internal.TestInvoker.invokeTestMethods(TestInvoker.java:146)
at org.testng.internal.TestMethodWorker.invokeTestMethods(TestMethodWorker.java:146)
at org.testng.internal.TestMethodWorker.run(TestMethodWorker.java:128)
at java.base/java.util.ArrayList.forEach(ArrayList.java:1541)
at org.testng.TestRunner.privateRun(TestRunner.java:794)
at org.testng.TestRunner.run(TestRunner.java:596)
at org.testng.SuiteRunner.runTest(SuiteRunner.java:377)
at org.testng.SuiteRunner.runSequentially(SuiteRunner.java:371)
at org.testng.SuiteRunner.privateRun(SuiteRunner.java:332)
at org.testng.SuiteRunner.run(SuiteRunner.java:276)
at org.testng.SuiteRunnerWorker.runSuite(SuiteRunnerWorker.java:53)
at org.testng.SuiteRunnerWorker.run(SuiteRunnerWorker.java:96)
at org.testng.TestNG.runSuitesSequentially(TestNG.java:1212)
at org.testng.TestNG.runSuitesLocally(TestNG.java:1134)
at org.testng.TestNG.runSuites(TestNG.java:1063)
at org.testng.TestNG.run(TestNG.java:1031)
at org.testng.remote.AbstractRemoteTestNG.run(AbstractRemoteTestNG.java:115)
at org.testng.remote.RemoteTestNG.initAndRun(RemoteTestNG.java:251)
at org.testng.remote.RemoteTestNG.main(RemoteTestNG.java:77)
]]>
            </full-stacktrace>
          </exception> <!-- java.lang.NullPointerException -->
          <reporter-output>
          </reporter-output>
        </test-method> <!-- creatQuote -->
        <test-method is-config="true" signature="LogoutApp()[pri:0, instance:com.login.TC001_CreateQuoteTest@5a56cdac]" started-at="2021-12-22T10:31:22 IST" name="LogoutApp" finished-at="2021-12-22T10:31:26 IST" duration-ms="4085" status="PASS">
          <reporter-output>
          </reporter-output>
        </test-method> <!-- LogoutApp -->
        <test-method is-config="true" signature="CloseBrowser()[pri:0, instance:com.login.TC001_CreateQuoteTest@5a56cdac]" started-at="2021-12-22T10:31:26 IST" name="CloseBrowser" finished-at="2021-12-22T10:31:27 IST" duration-ms="304" status="PASS">
          <reporter-output>
          </reporter-output>
        </test-method> <!-- CloseBrowser -->
        <test-method is-config="true" signature="disconnectfromDB()[pri:0, instance:com.login.TC001_CreateQuoteTest@5a56cdac]" started-at="2021-12-22T10:31:27 IST" name="disconnectfromDB" finished-at="2021-12-22T10:31:27 IST" duration-ms="0" status="PASS">
          <reporter-output>
          </reporter-output>
        </test-method> <!-- disconnectfromDB -->
      </class> <!-- com.login.TC001_CreateQuoteTest -->
    </test> <!-- Default test -->
  </suite> <!-- Default suite -->
</testng-results>
