<?xml version="1.0" encoding="UTF-8"?>
<testng-results ignored="0" total="1" passed="1" failed="0" skipped="0">
  <reporter-output>
  </reporter-output>
  <suite started-at="2021-12-30T15:32:07 IST" name="Default suite" finished-at="2021-12-30T15:32:29 IST" duration-ms="22268">
    <groups>
    </groups>
    <test started-at="2021-12-30T15:32:07 IST" name="Default test" finished-at="2021-12-30T15:32:29 IST" duration-ms="22268">
      <class name="Log4J.LoginTestMethod">
        <test-method is-config="true" signature="connecttodb()[pri:0, instance:Log4J.LoginTestMethod@58e1d9d]" started-at="2021-12-30T15:32:06 IST" name="connecttodb" finished-at="2021-12-30T15:32:06 IST" duration-ms="30" status="PASS">
          <reporter-output>
          </reporter-output>
        </test-method> <!-- connecttodb -->
        <test-method is-config="true" signature="openBrowse()[pri:0, instance:Log4J.LoginTestMethod@58e1d9d]" started-at="2021-12-30T15:32:07 IST" name="openBrowse" finished-at="2021-12-30T15:32:15 IST" duration-ms="8473" status="PASS">
          <reporter-output>
          </reporter-output>
        </test-method> <!-- openBrowse -->
        <test-method signature="login()[pri:0, instance:Log4J.LoginTestMethod@58e1d9d]" started-at="2021-12-30T15:32:15 IST" name="login" finished-at="2021-12-30T15:32:24 IST" duration-ms="9299" status="PASS">
          <reporter-output>
          </reporter-output>
        </test-method> <!-- login -->
        <test-method is-config="true" signature="closebrowser()[pri:0, instance:Log4J.LoginTestMethod@58e1d9d]" started-at="2021-12-30T15:32:24 IST" name="closebrowser" finished-at="2021-12-30T15:32:29 IST" duration-ms="4408" status="PASS">
          <reporter-output>
          </reporter-output>
        </test-method> <!-- closebrowser -->
        <test-method is-config="true" signature="disconnectdb()[pri:0, instance:Log4J.LoginTestMethod@58e1d9d]" started-at="2021-12-30T15:32:29 IST" name="disconnectdb" finished-at="2021-12-30T15:32:29 IST" duration-ms="1" status="PASS">
          <reporter-output>
          </reporter-output>
        </test-method> <!-- disconnectdb -->
      </class> <!-- Log4J.LoginTestMethod -->
    </test> <!-- Default test -->
  </suite> <!-- Default suite -->
</testng-results>
